E:\Aucontech\02. Project\02. Linde Malaysia\Project\GatewayIot_Pilot_Phase2\node_modules\dateformat\lib\dateformat.js:39
          throw TypeError('Invalid date');
          ^

TypeError: Invalid date
    at E:\Aucontech\02. Project\02. Linde Malaysia\Project\GatewayIot_Pilot_Phase2\node_modules\dateformat\lib\dateformat.js:39:17
    at CsvParser.<anonymous> (E:\Aucontech\02. Project\02. Linde Malaysia\Project\GatewayIot_Pilot_Phase2\index.js:170:33)
    at CsvParser.emit (events.js:219:5)
    at addChunk (_stream_readable.js:332:12)
    at readableAddChunk (_stream_readable.js:307:11)
    at CsvParser.Readable.push (_stream_readable.js:241:10)
    at CsvParser.Transform.push (_stream_transform.js:152:32)
    at CsvParser.writeRow (E:\Aucontech\02. Project\02. Linde Malaysia\Project\GatewayIot_Pilot_Phase2\node_modules\csv-parser\index.js:191:10)
    at CsvParser.parseLine (E:\Aucontech\02. Project\02. Linde Malaysia\Project\GatewayIot_Pilot_Phase2\node_modules\csv-parser\index.js:166:23)
    at CsvParser._transform (E:\Aucontech\02. Project\02. Linde Malaysia\Project\GatewayIot_Pilot_Phase2\node_modules\csv-parser\index.js:251:16)
E:\Aucontech\02. Project\02. Linde Malaysia\Project\GatewayIot_Pilot_Phase2\node_modules\dateformat\lib\dateformat.js:39
          throw TypeError('Invalid date');
          ^

TypeError: Invalid date
    at E:\Aucontech\02. Project\02. Linde Malaysia\Project\GatewayIot_Pilot_Phase2\node_modules\dateformat\lib\dateformat.js:39:17
    at CsvParser.<anonymous> (E:\Aucontech\02. Project\02. Linde Malaysia\Project\GatewayIot_Pilot_Phase2\index.js:170:33)
    at CsvParser.emit (events.js:219:5)
    at addChunk (_stream_readable.js:332:12)
    at readableAddChunk (_stream_readable.js:307:11)
    at CsvParser.Readable.push (_stream_readable.js:241:10)
    at CsvParser.Transform.push (_stream_transform.js:152:32)
    at CsvParser.writeRow (E:\Aucontech\02. Project\02. Linde Malaysia\Project\GatewayIot_Pilot_Phase2\node_modules\csv-parser\index.js:191:10)
    at CsvParser.parseLine (E:\Aucontech\02. Project\02. Linde Malaysia\Project\GatewayIot_Pilot_Phase2\node_modules\csv-parser\index.js:166:23)
    at CsvParser._transform (E:\Aucontech\02. Project\02. Linde Malaysia\Project\GatewayIot_Pilot_Phase2\node_modules\csv-parser\index.js:251:16)
E:\Aucontech\02. Project\02. Linde Malaysia\Project\GatewayIot_Pilot_Phase2\node_modules\dateformat\lib\dateformat.js:39
          throw TypeError('Invalid date');
          ^

TypeError: Invalid date
    at E:\Aucontech\02. Project\02. Linde Malaysia\Project\GatewayIot_Pilot_Phase2\node_modules\dateformat\lib\dateformat.js:39:17
    at CsvParser.<anonymous> (E:\Aucontech\02. Project\02. Linde Malaysia\Project\GatewayIot_Pilot_Phase2\index.js:170:33)
    at CsvParser.emit (events.js:219:5)
    at addChunk (_stream_readable.js:332:12)
    at readableAddChunk (_stream_readable.js:307:11)
    at CsvParser.Readable.push (_stream_readable.js:241:10)
    at CsvParser.Transform.push (_stream_transform.js:152:32)
    at CsvParser.writeRow (E:\Aucontech\02. Project\02. Linde Malaysia\Project\GatewayIot_Pilot_Phase2\node_modules\csv-parser\index.js:191:10)
    at CsvParser.parseLine (E:\Aucontech\02. Project\02. Linde Malaysia\Project\GatewayIot_Pilot_Phase2\node_modules\csv-parser\index.js:166:23)
    at CsvParser._transform (E:\Aucontech\02. Project\02. Linde Malaysia\Project\GatewayIot_Pilot_Phase2\node_modules\csv-parser\index.js:251:16)
E:\Aucontech\02. Project\02. Linde Malaysia\Project\GatewayIot_Pilot_Phase2\node_modules\dateformat\lib\dateformat.js:39
          throw TypeError('Invalid date');
          ^

TypeError: Invalid date
    at E:\Aucontech\02. Project\02. Linde Malaysia\Project\GatewayIot_Pilot_Phase2\node_modules\dateformat\lib\dateformat.js:39:17
    at CsvParser.<anonymous> (E:\Aucontech\02. Project\02. Linde Malaysia\Project\GatewayIot_Pilot_Phase2\index.js:170:33)
    at CsvParser.emit (events.js:219:5)
    at addChunk (_stream_readable.js:332:12)
    at readableAddChunk (_stream_readable.js:307:11)
    at CsvParser.Readable.push (_stream_readable.js:241:10)
    at CsvParser.Transform.push (_stream_transform.js:152:32)
    at CsvParser.writeRow (E:\Aucontech\02. Project\02. Linde Malaysia\Project\GatewayIot_Pilot_Phase2\node_modules\csv-parser\index.js:191:10)
    at CsvParser.parseLine (E:\Aucontech\02. Project\02. Linde Malaysia\Project\GatewayIot_Pilot_Phase2\node_modules\csv-parser\index.js:166:23)
    at CsvParser._transform (E:\Aucontech\02. Project\02. Linde Malaysia\Project\GatewayIot_Pilot_Phase2\node_modules\csv-parser\index.js:251:16)
